[debug] [2019-11-04T06:56:18.974Z] ----------------------------------------------------------------------
[debug] [2019-11-04T06:56:18.976Z] Command:       C:\Program Files\nodejs\node.exe C:\Users\Microsoft\AppData\Roaming\npm\node_modules\firebase-tools\bin\firebase deploy
[debug] [2019-11-04T06:56:18.977Z] CLI Version:   4.1.2
[debug] [2019-11-04T06:56:18.977Z] Platform:      win32
[debug] [2019-11-04T06:56:18.977Z] Node Version:  v10.15.3
[debug] [2019-11-04T06:56:18.978Z] Time:          Mon Nov 04 2019 11:56:18 GMT+0500 (Pakistan Standard Time)
[debug] [2019-11-04T06:56:18.978Z] ----------------------------------------------------------------------
[debug] 
[debug] [2019-11-04T06:56:19.037Z] > command requires scopes: ["email","openid","https://www.googleapis.com/auth/cloudplatformprojects.readonly","https://www.googleapis.com/auth/firebase","https://www.googleapis.com/auth/cloud-platform"]
[debug] [2019-11-04T06:56:19.041Z] > authorizing via signed-in user
[debug] [2019-11-04T06:56:19.048Z] > refreshing access token with scopes: ["email","https://www.googleapis.com/auth/cloud-platform","https://www.googleapis.com/auth/cloudplatformprojects.readonly","https://www.googleapis.com/auth/firebase","openid"]
[debug] [2019-11-04T06:56:19.049Z] >>> HTTP REQUEST POST https://www.googleapis.com/oauth2/v3/token  

[debug] [2019-11-04T06:56:19.497Z] <<< HTTP RESPONSE 200
[debug] [2019-11-04T06:56:19.558Z] >>> HTTP REQUEST GET https://admin.firebase.com/v1/projects/interview-guide-007  
 
[debug] [2019-11-04T06:56:20.639Z] <<< HTTP RESPONSE 200
[info] 
[info] === Deploying to 'interview-guide-007'...
[info] 
[info] i  deploying database, hosting
[info] i  database: checking rules syntax...
[debug] [2019-11-04T06:56:20.718Z] >>> HTTP REQUEST PUT https://interview-guide-007.firebaseio.com/.settings/rules.json?dryRun=true  
 {
  /* Visit https://firebase.google.com/docs/database/security to learn more about security rules. */
  "rules": {
    ".read": true,
    ".write": true
  }
}
[debug] [2019-11-04T06:56:21.709Z] <<< HTTP RESPONSE 200
[info] +  database: rules syntax for database interview-guide-007 is valid
[debug] [2019-11-04T06:56:21.719Z] >>> HTTP REQUEST POST https://firebasehosting.googleapis.com/v1beta1/sites/interview-guide-007/versions  

